<?xml version="1.0" encoding="utf-8"?><testsuites><testsuite name="pytest" errors="0" failures="1" skipped="0" tests="3" time="0.195" timestamp="2024-06-24T10:18:56.614941" hostname="soler"><testcase classname="tests.test_load" name="test_load_positive_has_2_people" time="0.003"><failure message="AssertionError: assert 3 == 2&#10; +  where 3 = len(['Jim Halpert, Sales, Salesman, jim@dundermifflin.com', 'Dwight Schrute, Sales, Manager, schrute@dundermifflin.com', 'Gabe Lewis, Directory, Manager, glewis@dundermifflin.com'])&#10; +    where ['Jim Halpert, Sales, Salesman, jim@dundermifflin.com', 'Dwight Schrute, Sales, Manager, schrute@dundermifflin.com', 'Gabe Lewis, Directory, Manager, glewis@dundermifflin.com'] = load('tests/assets/people.csv')">request = &lt;FixtureRequest for &lt;Function test_load_positive_has_2_people&gt;&gt;

    @pytest.mark.unit
    @pytest.mark.high
    def test_load_positive_has_2_people(request):
        """Test load function has 2 people."""
&gt;       assert len(load(PEOPLE_FILE)) == 2
E       AssertionError: assert 3 == 2
E        +  where 3 = len(['Jim Halpert, Sales, Salesman, jim@dundermifflin.com', 'Dwight Schrute, Sales, Manager, schrute@dundermifflin.com', 'Gabe Lewis, Directory, Manager, glewis@dundermifflin.com'])
E        +    where ['Jim Halpert, Sales, Salesman, jim@dundermifflin.com', 'Dwight Schrute, Sales, Manager, schrute@dundermifflin.com', 'Gabe Lewis, Directory, Manager, glewis@dundermifflin.com'] = load('tests/assets/people.csv')

tests/test_load.py:10: AssertionError</failure></testcase><testcase classname="tests.test_load" name="test_load_positive_first_name_starts_with_j" time="0.000" /><testcase classname="integration.test_load" name="test_load" time="0.050" /></testsuite></testsuites>